<?xml version="1.0" encoding="UTF-8"?>
<testsuite xmlns:xsi="http://www.w3.org/2001/XMLSchema-instance" xsi:noNamespaceSchemaLocation="https://maven.apache.org/surefire/maven-surefire-plugin/xsd/surefire-test-report.xsd" version="3.0.2" name="TestSuite" time="514.385" tests="16" errors="0" skipped="1" failures="0">
  <properties>
[...]
</properties>
  <testcase name="validTC" classname="amazon_EtoE.Project_1.TC_1_Login_with_correct_EmailPwd" time="8.24">
    <system-out><![CDATA[19:33:31 [TestNG-tests-1] INFO  - **** TC 1 Starterd ****
19:33:38 [TestNG-tests-1] INFO  - Entered the correct Email ID.
19:33:39 [TestNG-tests-1] INFO  - Entered the correct Password.
19:33:39 [TestNG-tests-1] INFO  - **** TC 1 Completed ****
]]></system-out>
    <system-err><![CDATA[SLF4J: Failed to load class "org.slf4j.impl.StaticLoggerBinder".
SLF4J: Defaulting to no-operation (NOP) logger implementation
SLF4J: See http://www.slf4j.org/codes.html#StaticLoggerBinder for further details.
Aug 14, 2025 7:33:22 PM org.openqa.selenium.manager.SeleniumManager lambda$runCommand$1
WARNING: There was an error managing msedgedriver (error sending request for url (https://msedgedriver.azureedge.net/LATEST_RELEASE_135_WINDOWS)); using driver found in the cache
]]></system-err>
  </testcase>
  <testcase name="invalid_email" classname="amazon_EtoE.Project_1.TC_2_A_Login_with_incorrectEmail" time="4.89">
    <system-out><![CDATA[19:33:56 [TestNG-tests-1] INFO  - **** TC 2A Starterd ****
19:34:01 [TestNG-tests-1] INFO  - Entered an Incorrect Email Address.
19:34:01 [TestNG-tests-1] INFO  - **** TC 2A Completed ****
]]></system-out>
    <system-err><![CDATA[Aug 14, 2025 7:33:49 PM org.openqa.selenium.manager.SeleniumManager lambda$runCommand$1
WARNING: There was an error managing msedgedriver (error sending request for url (https://msedgedriver.azureedge.net/LATEST_RELEASE_135_WINDOWS)); using driver found in the cache
]]></system-err>
  </testcase>
  <testcase name="invalid_password" classname="amazon_EtoE.Project_1.TC_2_B_Login_with_incorrectPwd" time="6.848">
    <system-out><![CDATA[19:34:10 [TestNG-tests-1] INFO  - **** TC 2B Starterd ****
19:34:14 [TestNG-tests-1] INFO  - Entered the correct Email ID.
19:34:16 [TestNG-tests-1] INFO  - Entered an Incorrect Password.
19:34:16 [TestNG-tests-1] INFO  - **** TC 2B Completed ****
]]></system-out>
    <system-err><![CDATA[Aug 14, 2025 7:34:05 PM org.openqa.selenium.manager.SeleniumManager lambda$runCommand$1
WARNING: There was an error managing msedgedriver (error sending request for url (https://msedgedriver.azureedge.net/LATEST_RELEASE_135_WINDOWS)); using driver found in the cache
]]></system-err>
  </testcase>
  <testcase name="editprofileinfo" classname="amazon_EtoE.Project_1.TC_3_Edit_Profile" time="18.197">
    <system-out><![CDATA[19:34:30 [TestNG-tests-1] INFO  - **** TC 3 Starterd ****
19:34:36 [TestNG-tests-1] INFO  - Entered the correct Email ID.
19:34:37 [TestNG-tests-1] INFO  - Entered the correct Password.
19:34:42 [TestNG-tests-1] INFO  - Clicked on Manage Profile.
19:34:43 [TestNG-tests-1] INFO  - Clicked on View button.
19:34:47 [TestNG-tests-1] INFO  - Clicked on the Age Group.
19:34:47 [TestNG-tests-1] INFO  - Clicked on the Add Button.
19:34:48 [TestNG-tests-1] INFO  - Age Group Selected.
19:34:48 [TestNG-tests-1] INFO  - Saved selected age data.
19:34:48 [TestNG-tests-1] INFO  - Profile data edited successfully.
19:34:48 [TestNG-tests-1] INFO  - **** TC 3 Completed ****
]]></system-out>
    <system-err><![CDATA[Aug 14, 2025 7:34:22 PM org.openqa.selenium.manager.SeleniumManager lambda$runCommand$1
WARNING: There was an error managing msedgedriver (error sending request for url (https://msedgedriver.azureedge.net/LATEST_RELEASE_135_WINDOWS)); using driver found in the cache
]]></system-err>
  </testcase>
  <testcase name="searchproduct" classname="amazon_EtoE.Project_1.TC_4_SearchProduct" time="16.159">
    <system-out><![CDATA[19:34:58 [TestNG-tests-1] INFO  - **** TC 4 Starterd ****
19:35:03 [TestNG-tests-1] INFO  - Entered the correct Email ID.
19:35:04 [TestNG-tests-1] INFO  - Entered the correct Password.
19:35:14 [TestNG-tests-1] INFO  - Searched for a product.
19:35:14 [TestNG-tests-1] INFO  - The product search was successful.
19:35:14 [TestNG-tests-1] INFO  - **** TC 4 Completed ****
]]></system-out>
    <system-err><![CDATA[Aug 14, 2025 7:34:52 PM org.openqa.selenium.manager.SeleniumManager lambda$runCommand$1
WARNING: There was an error managing msedgedriver (error sending request for url (https://msedgedriver.azureedge.net/LATEST_RELEASE_135_WINDOWS)); using driver found in the cache
]]></system-err>
  </testcase>
  <testcase name="serachResult_Filtersfunctionality" classname="amazon_EtoE.Project_1.TC_5_Search_with_Filters" time="18.993">
    <system-out><![CDATA[19:35:24 [TestNG-tests-1] INFO  - **** TC 5 Starterd ****
19:35:28 [TestNG-tests-1] INFO  - Entered the correct Email ID.
19:35:30 [TestNG-tests-1] INFO  - Entered the correct Password.
19:35:34 [TestNG-tests-1] INFO  - Searched for a product.
19:35:38 [TestNG-tests-1] INFO  - The product search was successful.
19:35:39 [TestNG-tests-1] INFO  - Price range selected ✅
19:35:43 [TestNG-tests-1] INFO  - Category selected ✅
19:35:43 [TestNG-tests-1] INFO  - **** TC 5 Completed ****
]]></system-out>
    <system-err><![CDATA[Aug 14, 2025 7:35:18 PM org.openqa.selenium.manager.SeleniumManager lambda$runCommand$1
WARNING: There was an error managing msedgedriver (error sending request for url (https://msedgedriver.azureedge.net/LATEST_RELEASE_135_WINDOWS)); using driver found in the cache
]]></system-err>
  </testcase>
  <testcase name="verifyNcssryProductinfo" classname="amazon_EtoE.Project_1.TC_6_VerifyProductDetail" time="19.869">
    <system-out><![CDATA[19:35:53 [TestNG-tests-1] INFO  - **** TC 6 Starterd ****
19:35:56 [TestNG-tests-1] INFO  - Entered the correct Email ID.
19:35:58 [TestNG-tests-1] INFO  - Entered the correct Password.
19:36:06 [TestNG-tests-1] INFO  - Searched for a product.
19:36:12 [TestNG-tests-1] INFO  - Clicked on the Search Product.
19:36:12 [TestNG-tests-1] INFO  - Checked all necessary information, including the product title, price, reviews and description.
19:36:12 [TestNG-tests-1] INFO  - **** TC 6 Completed ****
]]></system-out>
    <system-err><![CDATA[Aug 14, 2025 7:35:47 PM org.openqa.selenium.manager.SeleniumManager lambda$runCommand$1
WARNING: There was an error managing msedgedriver (error sending request for url (https://msedgedriver.azureedge.net/LATEST_RELEASE_135_WINDOWS)); using driver found in the cache
]]></system-err>
  </testcase>
  <testcase name="verifyProductSortedAccrdngToPrice" classname="amazon_EtoE.Project_1.TC_7_ProductSorting" time="25.01">
    <system-out><![CDATA[19:36:26 [TestNG-tests-1] INFO  - **** TC 7 Starterd ****
19:36:31 [TestNG-tests-1] INFO  - Entered the correct Email ID.
19:36:33 [TestNG-tests-1] INFO  - Entered the correct Password.
19:36:42 [TestNG-tests-1] INFO  - Searched for a product.
19:36:51 [TestNG-tests-1] INFO  - Product sorting is done using filters for price, reviews, and relevancy.
19:36:51 [TestNG-tests-1] INFO  - **** TC 7 Completed ****
]]></system-out>
    <system-err><![CDATA[Aug 14, 2025 7:36:17 PM org.openqa.selenium.manager.SeleniumManager lambda$runCommand$1
WARNING: There was an error managing msedgedriver (error sending request for url (https://msedgedriver.azureedge.net/LATEST_RELEASE_135_WINDOWS)); using driver found in the cache
]]></system-err>
  </testcase>
  <testcase name="productAddedToTheCard" classname="amazon_EtoE.Project_1.TC_8_AddToCart" time="17.761">
    <system-out><![CDATA[19:37:02 [TestNG-tests-1] INFO  - **** TC 8 Starterd ****
19:37:06 [TestNG-tests-1] INFO  - Entered the correct Email ID.
19:37:08 [TestNG-tests-1] INFO  - Entered the correct Password.
19:37:16 [TestNG-tests-1] INFO  - Searched for a product.
19:37:17 [TestNG-tests-1] INFO  - Clicked on Add to Cart Button.
19:37:20 [TestNG-tests-1] INFO  - Clicked on Add Cart option - That navigate to Shopping Cart Page
19:37:20 [TestNG-tests-1] INFO  - The product was added to the cart.
19:37:20 [TestNG-tests-1] INFO  - **** TC 8 Completed ****
]]></system-out>
    <system-err><![CDATA[Aug 14, 2025 7:36:56 PM org.openqa.selenium.manager.SeleniumManager lambda$runCommand$1
WARNING: There was an error managing msedgedriver (error sending request for url (https://msedgedriver.azureedge.net/LATEST_RELEASE_135_WINDOWS)); using driver found in the cache
]]></system-err>
  </testcase>
  <testcase name="productQTYUpdate" classname="amazon_EtoE.Project_1.TC_9_UpdateProductsQty" time="21.654">
    <system-out><![CDATA[19:37:30 [TestNG-tests-1] INFO  - **** TC 9 Starterd ****
19:37:34 [TestNG-tests-1] INFO  - Entered the correct Email ID.
19:37:35 [TestNG-tests-1] INFO  - Entered the correct Password.
19:37:42 [TestNG-tests-1] INFO  - Searched for a product.
19:37:44 [TestNG-tests-1] INFO  - Clicked on Add to Cart Button
19:37:46 [TestNG-tests-1] INFO  - Clicked on Add Cart option - That navigate to Shopping Cart Page
19:37:46 [TestNG-tests-1] INFO  - The product was added to the cart.
19:37:48 [TestNG-tests-1] INFO  - Clicked on '-' sign to Remove Qty.
19:37:49 [TestNG-tests-1] INFO  - Clicked on '+' sign to Add Qty.
19:37:51 [TestNG-tests-1] INFO  - Clicked on Delete to delete All Qty.
19:37:51 [TestNG-tests-1] INFO  - **** TC 9 Completed ****
]]></system-out>
    <system-err><![CDATA[Aug 14, 2025 7:37:24 PM org.openqa.selenium.manager.SeleniumManager lambda$runCommand$1
WARNING: There was an error managing msedgedriver (error sending request for url (https://msedgedriver.azureedge.net/LATEST_RELEASE_135_WINDOWS)); using driver found in the cache
]]></system-err>
  </testcase>
  <testcase name="validateCheckoutProcess" classname="amazon_EtoE.Project_1.TC_10_CheckoutProcess" time="42.263">
    <system-out><![CDATA[19:38:09 [TestNG-tests-1] INFO  - **** TC 10 Starterd ****
19:38:15 [TestNG-tests-1] INFO  - Entered the correct Email ID.
19:38:17 [TestNG-tests-1] INFO  - Entered the correct Password.
19:38:38 [TestNG-tests-1] INFO  - Searched for a product.
19:38:39 [TestNG-tests-1] INFO  - Clicked on Add to Cart Button.
19:38:46 [TestNG-tests-1] INFO  - Clicked on Add Cart option - That navigate to Shopping Cart Page
19:38:51 [TestNG-tests-1] INFO  - Clicked on Proceed to Buy Button.
19:38:51 [TestNG-tests-1] INFO  - Validation for Checkout Address: ✓
19:38:51 [TestNG-tests-1] INFO  - Validation for Payment Method: ✓
19:38:51 [TestNG-tests-1] INFO  - Validation for Order Review: ✓
19:38:51 [TestNG-tests-1] INFO  - **** TC 10 Completed ****
]]></system-out>
    <system-err><![CDATA[Aug 14, 2025 7:37:56 PM org.openqa.selenium.manager.SeleniumManager lambda$runCommand$1
WARNING: There was an error managing msedgedriver (error sending request for url (https://msedgedriver.azureedge.net/LATEST_RELEASE_135_WINDOWS)); using driver found in the cache
]]></system-err>
  </testcase>
  <testcase name="validateCheckoutProcess" classname="amazon_EtoE.Project_1.TC_11_PaymentMethodSelection" time="46.173">
    <system-out><![CDATA[19:39:12 [TestNG-tests-1] INFO  - **** TC 11 Starterd ****
19:39:19 [TestNG-tests-1] INFO  - Entered the correct Email ID.
19:39:21 [TestNG-tests-1] INFO  - Entered the correct Password.
19:39:39 [TestNG-tests-1] INFO  - Searched for a product.
19:39:40 [TestNG-tests-1] INFO  - Clicked on Add to Cart Button.
19:39:43 [TestNG-tests-1] INFO  - Clicked on Add Cart option - That navigate to Shopping Cart Page
19:39:49 [TestNG-tests-1] INFO  - Clicked on Proceed to Buy Button.
19:39:50 [TestNG-tests-1] INFO  - Credit and Debit Card Payment Options: ✓
19:39:52 [TestNG-tests-1] INFO  - Amazon Pay Option: ✓
19:39:53 [TestNG-tests-1] INFO  - UPI Payment Option: ✓
19:39:54 [TestNG-tests-1] INFO  - Another Payment Method: Credit or Debit Card Option: ✓
19:39:55 [TestNG-tests-1] INFO  - Another payment method: Net Banking is availble: ✓
19:39:57 [TestNG-tests-1] INFO  - Another payment method: Other UPI Apps is availble: ✓
19:39:58 [TestNG-tests-1] INFO  - Another payment method: COD / POD: ✓ 
19:39:58 [TestNG-tests-1] INFO  - **** TC 11 Completed ****
]]></system-out>
    <system-err><![CDATA[Aug 14, 2025 7:38:56 PM org.openqa.selenium.manager.SeleniumManager lambda$runCommand$1
WARNING: There was an error managing msedgedriver (error sending request for url (https://msedgedriver.azureedge.net/LATEST_RELEASE_135_WINDOWS)); using driver found in the cache
]]></system-err>
  </testcase>
  <testcase name="validateCheckoutProcess" classname="amazon_EtoE.Project_1.TC_12_ApplyForCouponCode" time="0.0">
    <skipped message="element click intercepted: Element &lt;a href=&quot;/gp/cart/view.html?ref_=nav_cart&quot; aria-label=&quot;3 items in cart&quot; class=&quot;nav-a nav-a-2 nav-progressive-attribute&quot; id=&quot;nav-cart&quot;&gt;...&lt;/a&gt; is not clickable at point (1459, 30). Other element would receive the click: &lt;div class=&quot;a-changeover-inner&quot;&gt;...&lt;/div&gt;&#10;  (Session info: MicrosoftEdge=135.0.3179.85)&#10;Build info: version: &apos;4.32.0&apos;, revision: &apos;d17c8aa950&apos;&#10;System info: os.name: &apos;Windows 11&apos;, os.arch: &apos;amd64&apos;, os.version: &apos;10.0&apos;, java.version: &apos;23.0.2&apos;&#10;Driver info: org.openqa.selenium.edge.EdgeDriver&#10;Command: [51f4b6f85d0aeb33d48eb2eeb22d41ad, clickElement {id=f.89661EDDCB70DD2E77845F7D0D9D22FE.d.3856A81DC4EEA07702A9B804F78DA7BF.e.763}]&#10;Capabilities {acceptInsecureCerts: false, browserName: MicrosoftEdge, browserVersion: 135.0.3179.85, fedcm:accounts: true, ms:edgeOptions: {debuggerAddress: localhost:60110}, msedge: {msedgedriverVersion: 135.0.3179.98 (4215a10badb6..., userDataDir: C:\Users\AKSHAY~1\AppData\L...}, networkConnectionEnabled: false, pageLoadStrategy: normal, platformName: windows, proxy: Proxy(), se:cdp: ws://localhost:60110/devtoo..., se:cdpVersion: 135.0.3179.85, setWindowRect: true, strictFileInteractability: false, timeouts: {implicit: 0, pageLoad: 300000, script: 30000}, unhandledPromptBehavior: dismiss and notify, webauthn:extension:credBlob: true, webauthn:extension:largeBlob: true, webauthn:extension:minPinLength: true, webauthn:extension:prf: true, webauthn:virtualAuthenticators: true}&#10;Element: [[EdgeDriver: MicrosoftEdge on windows (51f4b6f85d0aeb33d48eb2eeb22d41ad)] -&gt; id: nav-cart]&#10;Session ID: 51f4b6f85d0aeb33d48eb2eeb22d41ad"/>
    <system-out><![CDATA[19:40:07 [TestNG-tests-1] INFO  - **** TC 12 Starterd ****
19:40:12 [TestNG-tests-1] INFO  - Entered the correct Email ID.
19:40:13 [TestNG-tests-1] INFO  - Entered the correct Password.
19:40:22 [TestNG-tests-1] INFO  - Searched for a product.
19:40:24 [TestNG-tests-1] INFO  - Clicked on Add to Cart Button
]]></system-out>
    <system-err><![CDATA[Aug 14, 2025 7:40:02 PM org.openqa.selenium.manager.SeleniumManager lambda$runCommand$1
WARNING: There was an error managing msedgedriver (error sending request for url (https://msedgedriver.azureedge.net/LATEST_RELEASE_135_WINDOWS)); using driver found in the cache
]]></system-err>
  </testcase>
  <testcase name="validateCheckoutProcess" classname="amazon_EtoE.Project_1.TC_12_ApplyForCouponCode" time="25.255">
    <system-out><![CDATA[19:40:34 [TestNG-tests-1] INFO  - **** TC 12 Starterd ****
19:40:38 [TestNG-tests-1] INFO  - Entered the correct Email ID.
19:40:40 [TestNG-tests-1] INFO  - Entered the correct Password.
19:40:44 [TestNG-tests-1] INFO  - Searched for a product.
19:40:49 [TestNG-tests-1] INFO  - Clicked on Add to Cart Button
19:40:51 [TestNG-tests-1] INFO  - Clicked on Add Cart option - That navigate to Shopping Cart Page
19:40:57 [TestNG-tests-1] INFO  - Clicked on Proceed to Buy Button.
19:40:57 [TestNG-tests-1] INFO  - Entered incorrect Coupun Code.
19:40:57 [TestNG-tests-1] INFO  - After that Clicked on Apply Button.
19:41:00 [TestNG-tests-1] INFO  - Validation Message Checked.
19:41:00 [TestNG-tests-1] INFO  - **** TC 12 Completed ****
]]></system-out>
    <system-err><![CDATA[Aug 14, 2025 7:40:29 PM org.openqa.selenium.manager.SeleniumManager lambda$runCommand$1
WARNING: There was an error managing msedgedriver (error sending request for url (https://msedgedriver.azureedge.net/LATEST_RELEASE_135_WINDOWS)); using driver found in the cache
]]></system-err>
  </testcase>
  <testcase name="validateCheckoutProcess" classname="amazon_EtoE.Project_1.TC_13_FiveStarRating" time="19.483">
    <system-out><![CDATA[19:41:09 [TestNG-tests-1] INFO  - **** TC 13 Starterd ****
19:41:13 [TestNG-tests-1] INFO  - Entered the correct Email ID.
19:41:15 [TestNG-tests-1] INFO  - Entered the correct Password.
19:41:20 [TestNG-tests-1] INFO  - Clicked on Orders that navigate to the 'Your Orders' details page.
19:41:22 [TestNG-tests-1] INFO  - Clicked on Buy Again option.
19:41:24 [TestNG-tests-1] INFO  - Clicked on Latest Bought Product.
19:41:27 [TestNG-tests-1] INFO  - Clicked on Star Icons.
19:41:28 [TestNG-tests-1] INFO  - Clicked on Write a Review.
19:41:29 [TestNG-tests-1] INFO  - Clicked on the 5th Star.
19:41:29 [TestNG-tests-1] INFO  - **** TC 13 Completed ****
]]></system-out>
    <system-err><![CDATA[Aug 14, 2025 7:41:04 PM org.openqa.selenium.manager.SeleniumManager lambda$runCommand$1
WARNING: There was an error managing msedgedriver (error sending request for url (https://msedgedriver.azureedge.net/LATEST_RELEASE_135_WINDOWS)); using driver found in the cache
]]></system-err>
  </testcase>
  <testcase name="validateCheckoutProcess" classname="amazon_EtoE.Project_1.TC_14_CartPageWithoutLogin" time="9.818">
    <system-out><![CDATA[19:41:39 [TestNG-tests-1] INFO  - **** TC 14 Starterd ****
19:41:45 [TestNG-tests-1] INFO  - Clicked on Add to Cart Button.
19:41:49 [TestNG-tests-1] INFO  - Clicked on Go to Cart Button.
19:41:49 [TestNG-tests-1] INFO  - **** TC 14 Completed ****
]]></system-out>
    <system-err><![CDATA[Aug 14, 2025 7:41:33 PM org.openqa.selenium.manager.SeleniumManager lambda$runCommand$1
WARNING: There was an error managing msedgedriver (error sending request for url (https://msedgedriver.azureedge.net/LATEST_RELEASE_135_WINDOWS)); using driver found in the cache
]]></system-err>
  </testcase>
</testsuite>