<?xml version="1.0" encoding="UTF-8"?>
<!-- Generated by org.testng.reporters.JUnitXMLReporter -->
<testsuite ignored="0" hostname="Akshay" failures="0" tests="16" name="TC_edge" time="511.532" errors="0" timestamp="2025-08-14T19:41:53 IST">
  <testcase classname="amazon_EtoE.Project_1.TC_1_Login_with_correct_EmailPwd" name="validTC" time="8.217"/>
  <testcase classname="amazon_EtoE.Project_1.TC_2_A_Login_with_incorrectEmail" name="invalid_email" time="4.884"/>
  <testcase classname="amazon_EtoE.Project_1.TC_2_B_Login_with_incorrectPwd" name="invalid_password" time="6.855"/>
  <testcase classname="amazon_EtoE.Project_1.TC_3_Edit_Profile" name="editprofileinfo" time="18.198"/>
  <testcase classname="amazon_EtoE.Project_1.TC_4_SearchProduct" name="searchproduct" time="16.152"/>
  <testcase classname="amazon_EtoE.Project_1.TC_5_Search_with_Filters" name="serachResult_Filtersfunctionality" time="18.994"/>
  <testcase classname="amazon_EtoE.Project_1.TC_6_VerifyProductDetail" name="verifyNcssryProductinfo" time="19.859"/>
  <testcase classname="amazon_EtoE.Project_1.TC_7_ProductSorting" name="verifyProductSortedAccrdngToPrice" time="25.011"/>
  <testcase classname="amazon_EtoE.Project_1.TC_8_AddToCart" name="productAddedToTheCard" time="17.762"/>
  <testcase classname="amazon_EtoE.Project_1.TC_9_UpdateProductsQty" name="productQTYUpdate" time="21.656"/>
  <testcase classname="amazon_EtoE.Project_1.TC_10_CheckoutProcess" name="validateCheckoutProcess" time="42.261"/>
  <testcase classname="amazon_EtoE.Project_1.TC_11_PaymentMethodSelection" name="validateCheckoutProcess" time="46.174"/>
  <testcase classname="amazon_EtoE.Project_1.TC_12_ApplyForCouponCode" name="validateCheckoutProcess" time="18.373">
    <skipped/>
  </testcase> <!-- validateCheckoutProcess -->
  <testcase classname="amazon_EtoE.Project_1.TC_12_ApplyForCouponCode" name="validateCheckoutProcess" time="25.258"/>
  <testcase classname="amazon_EtoE.Project_1.TC_13_FiveStarRating" name="validateCheckoutProcess" time="19.482"/>
  <testcase classname="amazon_EtoE.Project_1.TC_14_CartPageWithoutLogin" name="validateCheckoutProcess" time="9.817"/>
</testsuite> <!-- TC_edge -->
