<?xml version="1.0" encoding="UTF-8"?>
<!-- Generated by org.testng.reporters.JUnitXMLReporter -->
<testsuite ignored="0" hostname="Akshay" failures="1" tests="1" name="edge_browser" time="10.931" errors="0" timestamp="2025-06-15T21:38:44 IST">
  <testcase classname="amazon_EtoE.Project_1.TC_1_new_user_reg" name="validTC" time="2.086">
    <failure type="java.io.FileNotFoundException" message="C:\Users\Akshay Jambhale\eclipse-workspace\Project_1\DataSorceforP1.xlsx (The system cannot find the file specified)">
      <![CDATA[java.io.FileNotFoundException: C:\Users\Akshay Jambhale\eclipse-workspace\Project_1\DataSorceforP1.xlsx (The system cannot find the file specified)
at java.base/java.io.FileInputStream.open0(Native Method)
at java.base/java.io.FileInputStream.open(FileInputStream.java:219)
at java.base/java.io.FileInputStream.<init>(FileInputStream.java:159)
at java.base/java.io.FileInputStream.<init>(FileInputStream.java:112)
at utilityclasses.ExcelDataReader.FetchingdatafromSheet(ExcelDataReader.java:18)
at amazon_EtoE.Project_1.SignInPage.Signin_email_mobile(SignInPage.java:19)
at amazon_EtoE.Project_1.TC_1_new_user_reg.validTC(TC_1_new_user_reg.java:20)
at java.base/java.util.ArrayList.forEach(ArrayList.java:1597)
... Removed 25 stack frames]]>
    </failure>
  </testcase> <!-- validTC -->
</testsuite> <!-- edge_browser -->
